<?xml version="1.0" encoding="UTF-8"?>
<!-- Generated by org.testng.reporters.JUnitReportReporter -->
<testsuite skipped="0" hostname="admin-PC" name="tests.EnableTextEditorJScript" tests="1" failures="0" timestamp="08 Aug 2018 05:21:46 GMT" time="5.028" errors="0">
  <testcase name="enableTextbox" time="5.028" classname="tests.EnableTextEditorJScript"/>
</testsuite> <!-- tests.EnableTextEditorJScript -->
