<?xml version="1.0" encoding="UTF-8"?>
<!-- Generated by org.testng.reporters.JUnitReportReporter -->
<testsuite skipped="0" hostname="admin-PC" name="tests.RetryTest" tests="2" failures="0" timestamp="08 Aug 2018 05:21:47 GMT" time="0.011" errors="0">
  <testcase name="test1" time="0.009" classname="tests.RetryTest"/>
  <testcase name="test2" time="0.002" classname="tests.RetryTest"/>
</testsuite> <!-- tests.RetryTest -->
